<?xml version="1.0" encoding="UTF-8" standalone="no"?>
<testsuite errors="1" failures="2" name="testSuiteName" skipped="0" tests="5">
    <testcase classname="testSuiteName" name="Valid sample" time="0.187"/>
    <testcase classname="testSuiteName" name="Failed response assert" time="0.007">
        <failure message="Internal Server Error">Value expected to be 'SUCCESS', but found 'FAILED'</failure>
    </testcase>
    <testcase classname="testSuiteName" name="Failed multi-line assert" time="0.013">
        <failure message="Not Found">Test failed: text expected to equal /

****** received  : [[[Resource is not registered]]]

****** comparison: [[[&lt;?xml version="1.0" encoding="UTF-8" standalone="yes"?&gt;
&lt;object id="9145979183351985501"&gt;
    &lt;test...]]]

/</failure>
    </testcase>
    <testcase classname="testSuiteName" name="Another valid sample" time="0.004"/>
    <testcase classname="testSuiteName" name="HTTP Request to an invalid address" time="0.109">
        <error message="Non HTTP response message: googleddddddd.com: unknown error">Non HTTP response message: googleddddddd.com: unknown error</error>
    </testcase>
</testsuite>
