<?xml version="1.0" encoding="UTF-8" standalone="no"?>
<testsuite errors="1" failures="1" name="defaultTestSuite" skipped="0" tests="3">
    <testcase classname="defaultTestSuite" name="Success sample" time="0.001"/>
    <testcase classname="defaultTestSuite" name="Assertion failure" time="0.001">
        <failure message="OK">Value expected to be 'SUCCESS', but found 'FAILED'</failure>
    </testcase>
    <testcase classname="defaultTestSuite" name="Sample error" time="0.001">
        <error message="Non HTTP response message">Non HTTP response message</error>
    </testcase>
</testsuite>
